<?xml version="1.0" encoding="UTF-8"?>
<testng-results skipped="0" failed="0" ignored="0" total="6" passed="6">
  <reporter-output>
  </reporter-output>
  <suite name="Runner.test_Runner" duration-ms="253256" started-at="2022-08-19T06:47:46 EET" finished-at="2022-08-19T06:51:59 EET">
    <groups>
      <group name="cucumber">
        <method signature="AbstractTestNGCucumberTests.runScenario(io.cucumber.testng.PickleWrapper,io.cucumber.testng.FeatureWrapper)[pri:0, instance:Runner.test_Runner@27808f31]" name="runScenario" class="io.cucumber.testng.AbstractTestNGCucumberTests"/>
      </group> <!-- cucumber -->
    </groups>
    <test name="Command line test" duration-ms="253256" started-at="2022-08-19T06:47:46 EET" finished-at="2022-08-19T06:51:59 EET">
      <class name="Runner.test_Runner">
        <test-method status="PASS" signature="setUpClass(org.testng.ITestContext)[pri:0, instance:Runner.test_Runner@27808f31]" name="setUpClass" is-config="true" duration-ms="745" started-at="2022-08-19T06:47:46 EET" finished-at="2022-08-19T06:47:46 EET">
          <params>
            <param index="0">
              <value>
                <![CDATA[org.testng.TestRunner@1de4bee0]]>
              </value>
            </param>
          </params>
          <reporter-output>
          </reporter-output>
        </test-method> <!-- setUpClass -->
        <test-method status="PASS" signature="runScenario(io.cucumber.testng.PickleWrapper,io.cucumber.testng.FeatureWrapper)[pri:0, instance:Runner.test_Runner@27808f31]" name="runScenario" duration-ms="35897" started-at="2022-08-19T06:47:46 EET" description="Runs Cucumber Scenarios" data-provider="scenarios" finished-at="2022-08-19T06:48:22 EET">
          <params>
            <param index="0">
              <value>
                <![CDATA["user could sign up with valid credentials"]]>
              </value>
            </param>
            <param index="1">
              <value>
                <![CDATA["Optional[Registration | user should be able to sign up with new account]"]]>
              </value>
            </param>
          </params>
          <reporter-output>
          </reporter-output>
        </test-method> <!-- runScenario -->
        <test-method status="PASS" signature="runScenario(io.cucumber.testng.PickleWrapper,io.cucumber.testng.FeatureWrapper)[pri:0, instance:Runner.test_Runner@27808f31]" name="runScenario" duration-ms="32835" started-at="2022-08-19T06:48:22 EET" description="Runs Cucumber Scenarios" data-provider="scenarios" finished-at="2022-08-19T06:48:55 EET">
          <params>
            <param index="0">
              <value>
                <![CDATA["user could log in with valid credentials"]]>
              </value>
            </param>
            <param index="1">
              <value>
                <![CDATA["Optional[Login | user could be able to log in with valid email and password]"]]>
              </value>
            </param>
          </params>
          <reporter-output>
          </reporter-output>
        </test-method> <!-- runScenario -->
        <test-method status="PASS" signature="runScenario(io.cucumber.testng.PickleWrapper,io.cucumber.testng.FeatureWrapper)[pri:0, instance:Runner.test_Runner@27808f31]" name="runScenario" duration-ms="34941" started-at="2022-08-19T06:48:55 EET" description="Runs Cucumber Scenarios" data-provider="scenarios" finished-at="2022-08-19T06:49:30 EET">
          <params>
            <param index="0">
              <value>
                <![CDATA["user can select an item from a SubCategory"]]>
              </value>
            </param>
            <param index="1">
              <value>
                <![CDATA["Optional[SubCategory| user can select an item from a SubCategory]"]]>
              </value>
            </param>
          </params>
          <reporter-output>
          </reporter-output>
        </test-method> <!-- runScenario -->
        <test-method status="PASS" signature="runScenario(io.cucumber.testng.PickleWrapper,io.cucumber.testng.FeatureWrapper)[pri:0, instance:Runner.test_Runner@27808f31]" name="runScenario" duration-ms="41588" started-at="2022-08-19T06:49:30 EET" description="Runs Cucumber Scenarios" data-provider="scenarios" finished-at="2022-08-19T06:50:12 EET">
          <params>
            <param index="0">
              <value>
                <![CDATA["user could select blouse from the resulted section"]]>
              </value>
            </param>
            <param index="1">
              <value>
                <![CDATA["Optional[Select resulted Blouse| user could select blouse from the resulted section]"]]>
              </value>
            </param>
          </params>
          <reporter-output>
          </reporter-output>
        </test-method> <!-- runScenario -->
        <test-method status="PASS" signature="runScenario(io.cucumber.testng.PickleWrapper,io.cucumber.testng.FeatureWrapper)[pri:0, instance:Runner.test_Runner@27808f31]" name="runScenario" duration-ms="71217" started-at="2022-08-19T06:50:12 EET" description="Runs Cucumber Scenarios" data-provider="scenarios" finished-at="2022-08-19T06:51:23 EET">
          <params>
            <param index="0">
              <value>
                <![CDATA[""]]>
              </value>
            </param>
            <param index="1">
              <value>
                <![CDATA["Optional[Checkout | user can checkout successfully Order]"]]>
              </value>
            </param>
          </params>
          <reporter-output>
          </reporter-output>
        </test-method> <!-- runScenario -->
        <test-method status="PASS" signature="runScenario(io.cucumber.testng.PickleWrapper,io.cucumber.testng.FeatureWrapper)[pri:0, instance:Runner.test_Runner@27808f31]" name="runScenario" duration-ms="35815" started-at="2022-08-19T06:51:23 EET" description="Runs Cucumber Scenarios" data-provider="scenarios" finished-at="2022-08-19T06:51:59 EET">
          <params>
            <param index="0">
              <value>
                <![CDATA["Validate order was placed from order history page"]]>
              </value>
            </param>
            <param index="1">
              <value>
                <![CDATA["Optional[Order History Page | Validate order was placed from order history page]"]]>
              </value>
            </param>
          </params>
          <reporter-output>
          </reporter-output>
        </test-method> <!-- runScenario -->
        <test-method status="PASS" signature="tearDownClass()[pri:0, instance:Runner.test_Runner@27808f31]" name="tearDownClass" is-config="true" duration-ms="184" started-at="2022-08-19T06:51:59 EET" finished-at="2022-08-19T06:51:59 EET">
          <reporter-output>
          </reporter-output>
        </test-method> <!-- tearDownClass -->
      </class> <!-- Runner.test_Runner -->
    </test> <!-- Command line test -->
  </suite> <!-- Runner.test_Runner -->
</testng-results>
